<?xml version="1.0" encoding="UTF-8"?>
<!-- Generated by org.testng.reporters.JUnitReportReporter -->
<testsuite hostname="LAPTOP-5MGB5DIU" name="com.technocredits.snapdeal.testscripts.SnapDealSignupTest" tests="1" failures="0" timestamp="12 Sep 2020 16:58:39 GMT" time="39.918" errors="0">
  <testcase name="snapDealTest" time="39.918" classname="com.technocredits.snapdeal.testscripts.SnapDealSignupTest"/>
</testsuite> <!-- com.technocredits.snapdeal.testscripts.SnapDealSignupTest -->
