<?xml version="1.0" encoding="UTF-8"?>
<!-- Generated by org.testng.reporters.JUnitReportReporter -->
<testsuite hostname="LAPTOP-5MGB5DIU" name="com.technocredits.snapdeal.testscripts.SnapDealSignupTest" tests="2" failures="0" timestamp="15 Sep 2020 15:52:17 GMT" time="144.766" errors="0">
  <testcase name="verifySignUpUsingFBTest" time="99.576" classname="com.technocredits.snapdeal.testscripts.SnapDealSignupTest"/>
  <testcase name="signUpHoverMenuTest" time="45.190" classname="com.technocredits.snapdeal.testscripts.SnapDealSignupTest"/>
</testsuite> <!-- com.technocredits.snapdeal.testscripts.SnapDealSignupTest -->
