<?xml version="1.0" encoding="UTF-8"?>
<!-- Generated by org.testng.reporters.JUnitReportReporter -->
<testsuite hostname="LAPTOP-5MGB5DIU" name="com.technocredits.snapdeal.testscripts.SnapDealLoginTest" tests="1" failures="0" timestamp="18 Sep 2020 16:59:41 GMT" time="31.235" errors="0">
  <testcase name="loginVerification" time="31.235" classname="com.technocredits.snapdeal.testscripts.SnapDealLoginTest"/>
</testsuite> <!-- com.technocredits.snapdeal.testscripts.SnapDealLoginTest -->
