<?xml version="1.0" encoding="UTF-8"?>
<!-- Generated by org.testng.reporters.JUnitReportReporter -->
<testsuite hostname="LAPTOP-5MGB5DIU" name="com.technocredits.snapdeal.testscripts.SnapDealSignupTest" tests="1" failures="0" timestamp="14 Sep 2020 16:39:35 GMT" time="59.653" errors="0">
  <testcase name="snapDealTest" time="59.653" classname="com.technocredits.snapdeal.testscripts.SnapDealSignupTest"/>
</testsuite> <!-- com.technocredits.snapdeal.testscripts.SnapDealSignupTest -->
