<?xml version="1.0" encoding="UTF-8"?>
<!-- Generated by org.testng.reporters.JUnitReportReporter -->
<testsuite hostname="LAPTOP-5MGB5DIU" name="com.technocredits.snapdeal.testscripts.SnapDealLoginTest" tests="1" failures="0" timestamp="12 Sep 2020 14:24:04 GMT" time="33.002" errors="0">
  <testcase name="snapDealTest" time="33.002" classname="com.technocredits.snapdeal.testscripts.SnapDealLoginTest"/>
</testsuite> <!-- com.technocredits.snapdeal.testscripts.SnapDealLoginTest -->
