<?xml version="1.0" encoding="UTF-8"?>
<!-- Generated by org.testng.reporters.JUnitReportReporter -->
<testsuite hostname="LAPTOP-5MGB5DIU" name="com.technocredits.snapdeal.testscripts.SnapDealSignupTest" tests="1" failures="0" timestamp="16 Sep 2020 14:35:42 GMT" time="61.935" errors="0">
  <testcase name="verifySignUpUsingFBTest" time="61.935" classname="com.technocredits.snapdeal.testscripts.SnapDealSignupTest"/>
</testsuite> <!-- com.technocredits.snapdeal.testscripts.SnapDealSignupTest -->
